0 info it worked if it ends with ok
1 verbose cli [ '/usr/local/bin/node', '/usr/local/bin/npm', 'install' ]
2 info using npm@2.14.4
3 info using node@v4.1.2
4 verbose readDependencies loading dependencies from /Users/darin/Dropbox/IFS/AuthDemo/package.json
5 warn package.json angular2-quickstart@1.0.0 No description
6 warn package.json angular2-quickstart@1.0.0 No repository field.
7 warn package.json angular2-quickstart@1.0.0 No README data
8 verbose install where, deps [ '/Users/darin/Dropbox/IFS/AuthDemo',
8 verbose install   [ 'angular2',
8 verbose install     'bootstrap',
8 verbose install     'es6-promise',
8 verbose install     'es6-shim',
8 verbose install     'jquery',
8 verbose install     'jwt-decode',
8 verbose install     'moment',
8 verbose install     'ng2-bootstrap',
8 verbose install     'reflect-metadata',
8 verbose install     'rxjs',
8 verbose install     'systemjs',
8 verbose install     'zone.js',
8 verbose install     'concurrently',
8 verbose install     'lite-server',
8 verbose install     'typescript',
8 verbose install     'typings',
8 verbose install     'webpack' ] ]
9 verbose install where, peers [ '/Users/darin/Dropbox/IFS/AuthDemo', [] ]
10 verbose installManyTop reading for lifecycle /Users/darin/Dropbox/IFS/AuthDemo/package.json
11 info preinstall angular2-quickstart@1.0.0
12 verbose installManyTop reading scoped package data from /Users/darin/Dropbox/IFS/AuthDemo/node_modules/angular2/package.json
13 verbose installManyTop reading scoped package data from /Users/darin/Dropbox/IFS/AuthDemo/node_modules/bootstrap/package.json
14 verbose installManyTop reading scoped package data from /Users/darin/Dropbox/IFS/AuthDemo/node_modules/concurrently/package.json
15 verbose installManyTop reading scoped package data from /Users/darin/Dropbox/IFS/AuthDemo/node_modules/es6-promise/package.json
16 verbose installManyTop reading scoped package data from /Users/darin/Dropbox/IFS/AuthDemo/node_modules/es6-shim/package.json
17 verbose installManyTop reading scoped package data from /Users/darin/Dropbox/IFS/AuthDemo/node_modules/jquery/package.json
18 verbose installManyTop reading scoped package data from /Users/darin/Dropbox/IFS/AuthDemo/node_modules/jwt-decode/package.json
19 verbose installManyTop reading scoped package data from /Users/darin/Dropbox/IFS/AuthDemo/node_modules/lite-server/package.json
20 verbose installManyTop reading scoped package data from /Users/darin/Dropbox/IFS/AuthDemo/node_modules/moment/package.json
21 verbose installManyTop reading scoped package data from /Users/darin/Dropbox/IFS/AuthDemo/node_modules/ng2-bootstrap/package.json
22 verbose installManyTop reading scoped package data from /Users/darin/Dropbox/IFS/AuthDemo/node_modules/reflect-metadata/package.json
23 verbose installManyTop reading scoped package data from /Users/darin/Dropbox/IFS/AuthDemo/node_modules/rxjs/package.json
24 verbose installManyTop reading scoped package data from /Users/darin/Dropbox/IFS/AuthDemo/node_modules/systemjs/package.json
25 verbose installManyTop reading scoped package data from /Users/darin/Dropbox/IFS/AuthDemo/node_modules/typescript/package.json
26 verbose installManyTop reading scoped package data from /Users/darin/Dropbox/IFS/AuthDemo/node_modules/typings/package.json
27 verbose installManyTop reading scoped package data from /Users/darin/Dropbox/IFS/AuthDemo/node_modules/webpack/package.json
28 verbose installManyTop reading scoped package data from /Users/darin/Dropbox/IFS/AuthDemo/node_modules/zone.js/package.json
29 verbose readDependencies loading dependencies from /Users/darin/Dropbox/IFS/AuthDemo/package.json
30 verbose targetResolver reading package data from /Users/darin/Dropbox/IFS/AuthDemo/node_modules/angular2/package.json
31 verbose targetResolver reading package data from /Users/darin/Dropbox/IFS/AuthDemo/node_modules/bootstrap/package.json
32 verbose targetResolver reading package data from /Users/darin/Dropbox/IFS/AuthDemo/node_modules/concurrently/package.json
33 verbose targetResolver reading package data from /Users/darin/Dropbox/IFS/AuthDemo/node_modules/es6-promise/package.json
34 verbose targetResolver reading package data from /Users/darin/Dropbox/IFS/AuthDemo/node_modules/es6-shim/package.json
35 verbose targetResolver reading package data from /Users/darin/Dropbox/IFS/AuthDemo/node_modules/jquery/package.json
36 verbose targetResolver reading package data from /Users/darin/Dropbox/IFS/AuthDemo/node_modules/jwt-decode/package.json
37 verbose targetResolver reading package data from /Users/darin/Dropbox/IFS/AuthDemo/node_modules/lite-server/package.json
38 verbose targetResolver reading package data from /Users/darin/Dropbox/IFS/AuthDemo/node_modules/moment/package.json
39 verbose targetResolver reading package data from /Users/darin/Dropbox/IFS/AuthDemo/node_modules/ng2-bootstrap/package.json
40 verbose targetResolver reading package data from /Users/darin/Dropbox/IFS/AuthDemo/node_modules/reflect-metadata/package.json
41 verbose targetResolver reading package data from /Users/darin/Dropbox/IFS/AuthDemo/node_modules/rxjs/package.json
42 verbose targetResolver reading package data from /Users/darin/Dropbox/IFS/AuthDemo/node_modules/systemjs/package.json
43 verbose targetResolver reading package data from /Users/darin/Dropbox/IFS/AuthDemo/node_modules/typescript/package.json
44 verbose targetResolver reading package data from /Users/darin/Dropbox/IFS/AuthDemo/node_modules/typings/package.json
45 verbose targetResolver reading package data from /Users/darin/Dropbox/IFS/AuthDemo/node_modules/webpack/package.json
46 verbose targetResolver reading package data from /Users/darin/Dropbox/IFS/AuthDemo/node_modules/zone.js/package.json
47 verbose targetResolver reading package data from /Users/darin/Dropbox/IFS/AuthDemo/node_modules/.bin/concurrent/package.json
48 verbose targetResolver reading package data from /Users/darin/Dropbox/IFS/AuthDemo/node_modules/.bin/concurrently/package.json
49 verbose targetResolver reading package data from /Users/darin/Dropbox/IFS/AuthDemo/node_modules/.bin/lite-server/package.json
50 verbose targetResolver reading package data from /Users/darin/Dropbox/IFS/AuthDemo/node_modules/.bin/tsc/package.json
51 verbose targetResolver reading package data from /Users/darin/Dropbox/IFS/AuthDemo/node_modules/.bin/tsserver/package.json
52 verbose targetResolver reading package data from /Users/darin/Dropbox/IFS/AuthDemo/node_modules/.bin/typings/package.json
53 verbose targetResolver reading package data from /Users/darin/Dropbox/IFS/AuthDemo/node_modules/.bin/webpack/package.json
54 verbose already installed skipping typescript@^1.8.7 /Users/darin/Dropbox/IFS/AuthDemo
55 verbose already installed skipping typings@^0.6.8 /Users/darin/Dropbox/IFS/AuthDemo
56 verbose already installed skipping webpack@^1.12.9 /Users/darin/Dropbox/IFS/AuthDemo
57 verbose already installed skipping angular2@2.0.0-beta.8 /Users/darin/Dropbox/IFS/AuthDemo
58 verbose already installed skipping bootstrap@^3.3.6 /Users/darin/Dropbox/IFS/AuthDemo
59 verbose already installed skipping es6-promise@^3.0.2 /Users/darin/Dropbox/IFS/AuthDemo
60 verbose already installed skipping es6-shim@^0.33.3 /Users/darin/Dropbox/IFS/AuthDemo
61 verbose already installed skipping jquery@2.2.1 /Users/darin/Dropbox/IFS/AuthDemo
62 verbose already installed skipping jwt-decode@^1.5.0 /Users/darin/Dropbox/IFS/AuthDemo
63 verbose already installed skipping moment@2.12.0 /Users/darin/Dropbox/IFS/AuthDemo
64 verbose already installed skipping ng2-bootstrap@1.0.6 /Users/darin/Dropbox/IFS/AuthDemo
65 verbose already installed skipping reflect-metadata@0.1.2 /Users/darin/Dropbox/IFS/AuthDemo
66 verbose already installed skipping rxjs@5.0.0-beta.2 /Users/darin/Dropbox/IFS/AuthDemo
67 verbose already installed skipping systemjs@0.19.22 /Users/darin/Dropbox/IFS/AuthDemo
68 verbose already installed skipping zone.js@0.5.15 /Users/darin/Dropbox/IFS/AuthDemo
69 verbose already installed skipping concurrently@^2.0.0 /Users/darin/Dropbox/IFS/AuthDemo
70 verbose already installed skipping lite-server@^2.1.0 /Users/darin/Dropbox/IFS/AuthDemo
71 silly install resolved []
72 info build /Users/darin/Dropbox/IFS/AuthDemo
73 info linkStuff angular2-quickstart@1.0.0
74 silly linkStuff angular2-quickstart@1.0.0 has /Users/darin/Dropbox/IFS as its parent node_modules
75 verbose linkBins angular2-quickstart@1.0.0
76 verbose linkMans angular2-quickstart@1.0.0
77 verbose rebuildBundles angular2-quickstart@1.0.0
78 verbose rebuildBundles [ '.bin',
78 verbose rebuildBundles   'angular2',
78 verbose rebuildBundles   'bootstrap',
78 verbose rebuildBundles   'concurrently',
78 verbose rebuildBundles   'es6-promise',
78 verbose rebuildBundles   'es6-shim',
78 verbose rebuildBundles   'jquery',
78 verbose rebuildBundles   'jwt-decode',
78 verbose rebuildBundles   'lite-server',
78 verbose rebuildBundles   'moment',
78 verbose rebuildBundles   'ng2-bootstrap',
78 verbose rebuildBundles   'reflect-metadata',
78 verbose rebuildBundles   'rxjs',
78 verbose rebuildBundles   'systemjs',
78 verbose rebuildBundles   'typescript',
78 verbose rebuildBundles   'typings',
78 verbose rebuildBundles   'webpack',
78 verbose rebuildBundles   'zone.js' ]
79 info install angular2-quickstart@1.0.0
80 info postinstall angular2-quickstart@1.0.0
81 verbose unsafe-perm in lifecycle true
82 info angular2-quickstart@1.0.0 Failed to exec postinstall script
83 verbose stack Error: angular2-quickstart@1.0.0 postinstall: `typings install`
83 verbose stack Exit status 1
83 verbose stack     at EventEmitter.<anonymous> (/usr/local/lib/node_modules/npm/lib/utils/lifecycle.js:214:16)
83 verbose stack     at emitTwo (events.js:87:13)
83 verbose stack     at EventEmitter.emit (events.js:172:7)
83 verbose stack     at ChildProcess.<anonymous> (/usr/local/lib/node_modules/npm/lib/utils/spawn.js:24:14)
83 verbose stack     at emitTwo (events.js:87:13)
83 verbose stack     at ChildProcess.emit (events.js:172:7)
83 verbose stack     at maybeClose (internal/child_process.js:818:16)
83 verbose stack     at Process.ChildProcess._handle.onexit (internal/child_process.js:211:5)
84 verbose pkgid angular2-quickstart@1.0.0
85 verbose cwd /Users/darin/Dropbox/IFS/AuthDemo
86 error Darwin 15.4.0
87 error argv "/usr/local/bin/node" "/usr/local/bin/npm" "install"
88 error node v4.1.2
89 error npm  v2.14.4
90 error code ELIFECYCLE
91 error angular2-quickstart@1.0.0 postinstall: `typings install`
91 error Exit status 1
92 error Failed at the angular2-quickstart@1.0.0 postinstall script 'typings install'.
92 error This is most likely a problem with the angular2-quickstart package,
92 error not with npm itself.
92 error Tell the author that this fails on your system:
92 error     typings install
92 error You can get their info via:
92 error     npm owner ls angular2-quickstart
92 error There is likely additional logging output above.
93 verbose exit [ 1, true ]
